<?xml version="1.0" encoding="UTF-8" ?>
<testsuite tests="3" failures="0" name="TestSuite" time="18.478" errors="0" skipped="0">
  <properties>
    <property name="java.vendor" value="Oracle Corporation"/>
    <property name="JOB_NAME" value="mavenTest1"/>
    <property name="sun.java.launcher" value="SUN_STANDARD"/>
    <property name="windows_tracing_logfile" value="C:\BVTBin\Tests\installpackage\csilogfile.log"/>
    <property name="NUMBER_OF_PROCESSORS" value="4"/>
    <property name="sun.management.compiler" value="HotSpot Client Compiler"/>
    <property name="JENKINS_HOME" value="C:\Users\sukumar.kachakayala\.jenkins"/>
    <property name="HUDSON_SERVER_COOKIE" value="e864c24e449877be"/>
    <property name="POM_ARTIFACTID" value="mavenTest"/>
    <property name="os.name" value="Windows 7"/>
    <property name="RegionCode" value="APJ"/>
    <property name="sun.boot.class.path" value="C:\Program Files (x86)\Java\jdk1.8.0_121\jre\lib\resources.jar;C:\Program Files (x86)\Java\jdk1.8.0_121\jre\lib\rt.jar;C:\Program Files (x86)\Java\jdk1.8.0_121\jre\lib\sunrsasign.jar;C:\Program Files (x86)\Java\jdk1.8.0_121\jre\lib\jsse.jar;C:\Program Files (x86)\Java\jdk1.8.0_121\jre\lib\jce.jar;C:\Program Files (x86)\Java\jdk1.8.0_121\jre\lib\charsets.jar;C:\Program Files (x86)\Java\jdk1.8.0_121\jre\lib\jfr.jar;C:\Program Files (x86)\Java\jdk1.8.0_121\jre\classes"/>
    <property name="EXECUTOR_NUMBER" value="1"/>
    <property name="sun.desktop" value="windows"/>
    <property name="PATHEXT" value=".COM;.EXE;.BAT;.CMD;.VBS;.VBE;.JS;.JSE;.WSF;.WSH;.MSC"/>
    <property name="java.vm.specification.vendor" value="Oracle Corporation"/>
    <property name="POM_DISPLAYNAME" value="mavenTest"/>
    <property name="NODE_LABELS" value="master"/>
    <property name="TEMP" value="C:\Users\SUKUMA~1.KAC\AppData\Local\Temp"/>
    <property name="java.runtime.version" value="1.8.0_121-b13"/>
    <property name="user.name" value="Sukumar.Kachakayala"/>
    <property name="guice.disable.misplaced.annotation.check" value="true"/>
    <property name="CommonProgramW6432" value="C:\Program Files\Common Files"/>
    <property name="ProgramFiles" value="C:\Program Files (x86)"/>
    <property name="OnlineServices" value="Online Services"/>
    <property name="PROMPT" value="$P$G"/>
    <property name="user.language" value="en"/>
    <property name="JOB_BASE_NAME" value="mavenTest1"/>
    <property name="RUN_CHANGES_DISPLAY_URL" value="http://unconfigured-jenkins-location/job/mavenTest1/9/display/redirect?page=changes"/>
    <property name="BUILD_DISPLAY_NAME" value="#9"/>
    <property name="sun.boot.library.path" value="C:\Program Files (x86)\Java\jdk1.8.0_121\jre\bin"/>
    <property name="LOCALAPPDATA" value="C:\Users\sukumar.kachakayala\AppData\Local"/>
    <property name="java.version" value="1.8.0_121"/>
    <property name="PROCESSOR_LEVEL" value="6"/>
    <property name="user.timezone" value="Asia/Calcutta"/>
    <property name="USERNAME" value="Sukumar.Kachakayala"/>
    <property name="sun.arch.data.model" value="32"/>
    <property name="NODE_NAME" value="master"/>
    <property name="PROCESSOR_ARCHITEW6432" value="AMD64"/>
    <property name="java.endorsed.dirs" value="C:\Program Files (x86)\Java\jdk1.8.0_121\jre\lib\endorsed"/>
    <property name="BUILD_ID" value="9"/>
    <property name="sun.cpu.isalist" value="pentium_pro+mmx pentium_pro pentium+mmx pentium i486 i386 i86"/>
    <property name="sun.jnu.encoding" value="Cp1252"/>
    <property name="file.encoding.pkg" value="sun.io"/>
    <property name="file.separator" value="\"/>
    <property name="java.specification.name" value="Java Platform API Specification"/>
    <property name="HOMEDRIVE" value="C:"/>
    <property name="OOBEUILang" value="en-US"/>
    <property name="java.class.version" value="52.0"/>
    <property name="=::" value="::\"/>
    <property name="org.slf4j.simpleLogger.defaultLogLevel" value="info"/>
    <property name="user.country" value="IN"/>
    <property name="ALLUSERSPROFILE" value="C:\ProgramData"/>
    <property name="java.home" value="C:\Program Files (x86)\Java\jdk1.8.0_121\jre"/>
    <property name="java.vm.info" value="mixed mode"/>
    <property name="os.version" value="6.1"/>
    <property name="=F:" value="F:\Sukumar Backup\Java"/>
    <property name="platformcode" value="7F"/>
    <property name="PTSMINSTALLPATH_X86" value="c:\Program Files (x86)\Hewlett-Packard\HP ProtectTools Security Manager\"/>
    <property name="RUN_DISPLAY_URL" value="http://unconfigured-jenkins-location/job/mavenTest1/9/display/redirect"/>
    <property name="POM_VERSION" value="0.0.1-SNAPSHOT"/>
    <property name="TMP" value="C:\Users\SUKUMA~1.KAC\AppData\Local\Temp"/>
    <property name="path.separator" value=";"/>
    <property name="java.vm.version" value="25.121-b13"/>
    <property name="user.variant" value=""/>
    <property name="JOB_DISPLAY_URL" value="http://unconfigured-jenkins-location/job/mavenTest1/display/redirect"/>
    <property name="CommonProgramFiles(x86)" value="C:\Program Files (x86)\Common Files"/>
    <property name="USERDOMAIN_ROAMINGPROFILE" value="S2TECH"/>
    <property name="java.awt.printerjob" value="sun.awt.windows.WPrinterJob"/>
    <property name="FP_NO_HOST_CHECK" value="NO"/>
    <property name="CommonProgramFiles" value="C:\Program Files (x86)\Common Files"/>
    <property name="sun.io.unicode.encoding" value="UnicodeLittle"/>
    <property name="JAVA_HOME" value="C:\Program Files (x86)\Java\jdk1.8.0_121"/>
    <property name="ComSpec" value="C:\windows\system32\cmd.exe"/>
    <property name="awt.toolkit" value="sun.awt.windows.WToolkit"/>
    <property name="HOMEPATH" value="\Users\sukumar.kachakayala"/>
    <property name="USERDNSDOMAIN" value="S2TECH.NET"/>
    <property name="POM_PACKAGING" value="jar"/>
    <property name="user.script" value=""/>
    <property name="COMPUTERNAME" value="NEWNODE65"/>
    <property name="POM_GROUPID" value="mavenTest"/>
    <property name="user.home" value="C:\Users\sukumar.kachakayala"/>
    <property name="PUBLIC" value="C:\Users\Public"/>
    <property name="BUILD_TAG" value="jenkins-mavenTest1-9"/>
    <property name="JENKINS_SERVER_COOKIE" value="e864c24e449877be"/>
    <property name="ProgramData" value="C:\ProgramData"/>
    <property name="java.specification.vendor" value="Oracle Corporation"/>
    <property name="USERPROFILE" value="C:\Users\sukumar.kachakayala"/>
    <property name="CLASSPATH" value=""/>
    <property name="java.vendor.url" value="http://java.oracle.com/"/>
    <property name="java.library.path" value="C:\Program Files (x86)\Java\jdk1.8.0_121\bin;C:\windows\Sun\Java\bin;C:\windows\system32;C:\windows;F:\Sukumar Backup\Java\apache-maven-3.1.1-bin\apache-maven-3.1.1/bin;C:\Program Files (x86)\Java\jdk1.8.0_121/bin;C:\Program Files (x86)\Java\jdk1.8.0_121/bin;C:\windows\system32;C:\windows;C:\windows\system32\Wbem;C:\Program Files (x86)\Java\jdk1.8.0_121\bin;C:\windows\system32;C:\windows;C:\windows\system32\Wbem;C:\Program Files (x86)\Intel\iCLS Client\;C:\Program Files\Intel\iCLS Client\;C:\windows\System32\WindowsPowerShell\v1.0\;C:\Program Files (x86)\Intel\Intel(R) Management Engine Components\DAL;C:\Program Files\Intel\Intel(R) Management Engine Components\DAL;C:\Program Files (x86)\Intel\Intel(R) Management Engine Components\IPT;C:\Program Files\Intel\Intel(R) Management Engine Components\IPT;C:\Program Files (x86)\Java\jdk1.7.0_13\bin;C:\Users\sukumar.kachakayala\AppData\Local\Programs\Git\cmd;."/>
    <property name="java.vm.vendor" value="Oracle Corporation"/>
    <property name="APPDATA" value="C:\Users\sukumar.kachakayala\AppData\Roaming"/>
    <property name="java.runtime.name" value="Java(TM) SE Runtime Environment"/>
    <property name="maven.home" value="F:\Sukumar Backup\Java\apache-maven-3.1.1-bin\apache-maven-3.1.1"/>
    <property name="java.class.path" value="C:\Users\sukumar.kachakayala\.jenkins\plugins\maven-plugin\WEB-INF\lib\maven31-agent-1.12-alpha-1.jar;F:\Sukumar Backup\Java\apache-maven-3.1.1-bin\apache-maven-3.1.1\boot\plexus-classworlds-2.5.1.jar;F:\Sukumar Backup\Java\apache-maven-3.1.1-bin\apache-maven-3.1.1/conf/logging"/>
    <property name="sun.java.command" value="jenkins.maven3.agent.Maven31Main F:\Sukumar Backup\Java\apache-maven-3.1.1-bin\apache-maven-3.1.1 C:\Users\sukumar.kachakayala\.jenkins\war\WEB-INF\lib\remoting-3.19.jar C:\Users\sukumar.kachakayala\.jenkins\plugins\maven-plugin\WEB-INF\lib\maven31-interceptor-1.12-alpha-1.jar C:\Users\sukumar.kachakayala\.jenkins\plugins\maven-plugin\WEB-INF\lib\maven3-interceptor-commons-1.12-alpha-1.jar 33778"/>
    <property name="Path" value="C:\Program Files (x86)\Java\jdk1.8.0_121/bin;C:\windows\system32;C:\windows;C:\windows\system32\Wbem;C:\Program Files (x86)\Java\jdk1.8.0_121\bin;C:\windows\system32;C:\windows;C:\windows\system32\Wbem;C:\Program Files (x86)\Intel\iCLS Client\;C:\Program Files\Intel\iCLS Client\;C:\windows\System32\WindowsPowerShell\v1.0\;C:\Program Files (x86)\Intel\Intel(R) Management Engine Components\DAL;C:\Program Files\Intel\Intel(R) Management Engine Components\DAL;C:\Program Files (x86)\Intel\Intel(R) Management Engine Components\IPT;C:\Program Files\Intel\Intel(R) Management Engine Components\IPT;C:\Program Files (x86)\Java\jdk1.7.0_13\bin;C:\Users\sukumar.kachakayala\AppData\Local\Programs\Git\cmd"/>
    <property name="java.vm.specification.name" value="Java Virtual Machine Specification"/>
    <property name="PROCESSOR_ARCHITECTURE" value="x86"/>
    <property name="PATH+JDK" value="C:\Program Files (x86)\Java\jdk1.8.0_121/bin"/>
    <property name="PROCESSOR_IDENTIFIER" value="Intel64 Family 6 Model 94 Stepping 3, GenuineIntel"/>
    <property name="SESSIONNAME" value="Console"/>
    <property name="java.vm.specification.version" value="1.8"/>
    <property name="sun.os.patch.level" value="Service Pack 1"/>
    <property name="sun.cpu.endian" value="little"/>
    <property name="M2_HOME" value="F:\Sukumar Backup\Java\apache-maven-3.1.1-bin\apache-maven-3.1.1"/>
    <property name="java.io.tmpdir" value="C:\Users\SUKUMA~1.KAC\AppData\Local\Temp\"/>
    <property name="OS" value="Windows_NT"/>
    <property name="HUDSON_HOME" value="C:\Users\sukumar.kachakayala\.jenkins"/>
    <property name="PATH+MAVEN" value="F:\Sukumar Backup\Java\apache-maven-3.1.1-bin\apache-maven-3.1.1/bin"/>
    <property name="ProgramFiles(x86)" value="C:\Program Files (x86)"/>
    <property name="java.vendor.url.bug" value="http://bugreport.sun.com/bugreport/"/>
    <property name="java.awt.graphicsenv" value="sun.awt.Win32GraphicsEnvironment"/>
    <property name="os.arch" value="x86"/>
    <property name="SystemRoot" value="C:\windows"/>
    <property name="windows_tracing_flags" value="3"/>
    <property name="java.ext.dirs" value="C:\Program Files (x86)\Java\jdk1.8.0_121\jre\lib\ext;C:\windows\Sun\Java\lib\ext"/>
    <property name="user.dir" value="F:\Sukumar Backup\maven_workspace\mavenTest"/>
    <property name="LOGONSERVER" value="\\S2ADC"/>
    <property name="USERDOMAIN" value="S2TECH"/>
    <property name="line.separator" value="
"/>
    <property name="MAVEN_HOME" value="F:\Sukumar Backup\Java\apache-maven-3.1.1-bin\apache-maven-3.1.1"/>
    <property name="java.vm.name" value="Java HotSpot(TM) Client VM"/>
    <property name="BUILD_NUMBER" value="9"/>
    <property name="PROCESSOR_REVISION" value="5e03"/>
    <property name="ProgramW6432" value="C:\Program Files"/>
    <property name="windir" value="C:\windows"/>
    <property name="FPPUILang" value="en-US"/>
    <property name="=C:" value="C:\Users\sukumar.kachakayala"/>
    <property name="file.encoding" value="Cp1252"/>
    <property name="SystemDrive" value="C:"/>
    <property name="maven3.interceptor" value="C:\Users\sukumar.kachakayala\.jenkins\plugins\maven-plugin\WEB-INF\lib\maven31-interceptor-1.12-alpha-1.jar"/>
    <property name="WORKSPACE" value="C:\Users\sukumar.kachakayala\.jenkins\workspace\mavenTest1"/>
    <property name="maven3.interceptor.common" value="C:\Users\sukumar.kachakayala\.jenkins\plugins\maven-plugin\WEB-INF\lib\maven3-interceptor-commons-1.12-alpha-1.jar"/>
    <property name="java.specification.version" value="1.8"/>
    <property name="PSModulePath" value="C:\windows\system32\WindowsPowerShell\v1.0\Modules\"/>
  </properties>
  <testcase classname="businessScripts.CrmLogin" name="login" time="9.103"/>
  <testcase classname="businessScripts.CrmLogin" name="loginVerification" time="9.26"/>
  <testcase classname="businessScripts.CrmLogin" name="logoutClick" time="0.115"/>
</testsuite>