<?xml version="1.0" encoding="UTF-8"?>
<!-- Generated by org.testng.reporters.JUnitReportReporter -->
<testsuite skipped="0" hostname="NEWNODE65" name="businessScripts.DataProviderEx" tests="2" failures="0" timestamp="08 Aug 2018 13:16:02 GMT" time="0.006" errors="0">
  <testcase name="login" time="0.001" classname="businessScripts.DataProviderEx"/>
  <testcase name="login" time="0.005" classname="businessScripts.DataProviderEx"/>
</testsuite> <!-- businessScripts.DataProviderEx -->
