<?xml version="1.0" encoding="UTF-8"?>
<!-- Generated by org.testng.reporters.JUnitReportReporter -->
<testsuite skipped="0" hostname="NEWNODE65" name="businessScripts.CrmLogin" tests="2" failures="0" timestamp="07 Aug 2018 15:55:57 GMT" time="15.495" errors="0">
  <testcase name="login" time="15.295" classname="businessScripts.CrmLogin"/>
  <testcase name="loginVerification" time="0.200" classname="businessScripts.CrmLogin"/>
</testsuite> <!-- businessScripts.CrmLogin -->
