<?xml version="1.0" encoding="UTF-8"?>
<!-- Generated by org.testng.reporters.JUnitReportReporter -->
<testsuite skipped="0" hostname="NEWNODE65" name="businessScripts.CrmLogin" tests="2" failures="0" timestamp="08 Aug 2018 09:07:53 GMT" time="22.003" errors="0">
  <testcase name="login" time="13.096" classname="businessScripts.CrmLogin"/>
  <testcase name="loginVerification" time="8.907" classname="businessScripts.CrmLogin"/>
</testsuite> <!-- businessScripts.CrmLogin -->
