<?xml version="1.0" encoding="UTF-8"?>
<!-- Generated by org.testng.reporters.JUnitReportReporter -->
<testsuite skipped="1" hostname="NEWNODE65" name="businessScripts.DataProviderEx" tests="1" failures="0" timestamp="08 Aug 2018 12:03:09 GMT" time="0.000" errors="0">
  <testcase name="login" time="0.000" classname="businessScripts.DataProviderEx">
    <skipped/>
  </testcase> <!-- login -->
</testsuite> <!-- businessScripts.DataProviderEx -->
