<?xml version="1.0" encoding="UTF-8"?>
<!-- Generated by org.testng.reporters.JUnitReportReporter -->
<testsuite skipped="0" hostname="NEWNODE65" name="businessScripts.Calender" tests="1" failures="0" timestamp="07 Aug 2018 15:55:57 GMT" time="1.327" errors="0">
  <testcase name="calender" time="1.327" classname="businessScripts.Calender"/>
</testsuite> <!-- businessScripts.Calender -->
