<?xml version="1.0" encoding="UTF-8"?>
<!-- Generated by org.testng.reporters.JUnitReportReporter -->
<testsuite skipped="0" hostname="NEWNODE65" name="businessScripts.CrmLogin" tests="3" failures="0" timestamp="07 Aug 2018 14:46:26 GMT" time="18.481" errors="0">
  <testcase name="loginVerification" time="9.262" classname="businessScripts.CrmLogin"/>
  <testcase name="logoutClick" time="0.116" classname="businessScripts.CrmLogin"/>
  <testcase name="login" time="9.103" classname="businessScripts.CrmLogin"/>
</testsuite> <!-- businessScripts.CrmLogin -->
